Removed Pin From Net: NetName=Net+_1 Pin=U2-VIN
Change Component Designator: OldDesignator=C1 NewDesignator=CN1
Added Component: Designator=C1(C0805)
Added Component: Designator=S1(Slide Switch SMD)
Added Pin To Net: NetName=GND Pin=C1-2
Added Pin To Net: NetName=Net+_1 Pin=S1-C
Added Pin To Net: NetName=GND Pin=U1-GND
Added Pin To Net: NetName=GND Pin=U1-GND
Added Pin To Net: NetName=GND Pin=U1-GND
Change Net Name : Old Net Name=NetC1_1 New Net Name=NetCN1_1
Change Net Name : Old Net Name=NetC1_2 New Net Name=NetCN1_2
Change Net Name : Old Net Name=NetC1_3 New Net Name=NetCN1_3
Change Net Name : Old Net Name=NetC1_4 New Net Name=NetCN1_4
Change Net Name : Old Net Name=NetC1_5 New Net Name=NetCN1_5
Change Net Name : Old Net Name=NetC1_6 New Net Name=NetCN1_6
Change Net Name : Old Net Name=NetC1_7 New Net Name=NetCN1_7
Change Net Name : Old Net Name=NetC1_8 New Net Name=NetCN1_8
Change Net Name : Old Net Name=NetC1_9 New Net Name=NetCN1_9
Change Net Name : Old Net Name=NetC1_10 New Net Name=NetCN1_10
Change Net Name : Old Net Name=NetC1_11 New Net Name=NetCN1_11
Added Pin To Net: NetName=NetC1_1 Pin=C1-1
Added Pin To Net: NetName=NetC1_1 Pin=U1-3V3
Added Pin To Net: NetName=NetC1_1 Pin=U2-3V3
Added Net: Name=NetC1_1
Added Pin To Net: NetName=NetS1_1 Pin=S1-1
Added Pin To Net: NetName=NetS1_1 Pin=U2-VIN
Added Net: Name=NetS1_1
